{"level":"[INFO]","time":"2024-07-01 12:39:05","caller":"mail-service/main.go:25","message":"Server started"}
{"level":"[FATAL]","time":"2024-07-01 14:30:48","caller":"mail-service/main.go:30","message":"Received signal, shutting down","signal":"interrupt"}
{"level":"[INFO]","time":"2024-07-01 14:30:51","caller":"mail-service/main.go:25","message":"Server started"}
{"level":"[FATAL]","time":"2024-07-01 14:49:51","caller":"mail-service/main.go:30","message":"Received signal, shutting down","signal":"interrupt"}
{"level":"[INFO]","time":"2024-07-01 14:50:07","caller":"mail-service/main.go:25","message":"Server started"}
{"level":"[FATAL]","time":"2024-07-01 15:01:46","caller":"mail-service/main.go:30","message":"Received signal, shutting down","signal":"interrupt"}
{"level":"[INFO]","time":"2024-07-01 15:01:48","caller":"mail-service/main.go:25","message":"Server started"}
{"level":"[FATAL]","time":"2024-07-01 15:10:22","caller":"mail-service/main.go:30","message":"Received signal, shutting down","signal":"interrupt"}
{"level":"[INFO]","time":"2024-07-01 15:10:22","caller":"mail-service/main.go:25","message":"Server started"}
{"level":"[FATAL]","time":"2024-07-01 15:10:41","caller":"mail-service/main.go:30","message":"Received signal, shutting down","signal":"interrupt"}
{"level":"[INFO]","time":"2024-07-01 15:10:42","caller":"mail-service/main.go:25","message":"Server started"}
{"level":"[FATAL]","time":"2024-07-01 15:20:03","caller":"mail-service/main.go:30","message":"Received signal, shutting down","signal":"interrupt"}
{"level":"[INFO]","time":"2024-07-01 15:20:04","caller":"mail-service/main.go:25","message":"Server started"}
{"level":"[FATAL]","time":"2024-07-01 15:20:58","caller":"mail-service/main.go:30","message":"Received signal, shutting down","signal":"interrupt"}
{"level":"[INFO]","time":"2024-07-01 15:21:01","caller":"mail-service/main.go:25","message":"Server started"}
{"level":"[FATAL]","time":"2024-07-01 15:21:02","caller":"mail-service/main.go:30","message":"Received signal, shutting down","signal":"interrupt"}
{"level":"[INFO]","time":"2024-07-01 15:21:35","caller":"mail-service/main.go:24","message":"Server started"}
{"level":"[FATAL]","time":"2024-07-01 15:22:03","caller":"mail-service/main.go:29","message":"Received signal, shutting down","signal":"interrupt"}
{"level":"[INFO]","time":"2024-07-01 15:25:37","caller":"mail-service/main.go:21","message":"Server started"}
{"level":"[FATAL]","time":"2024-07-01 16:34:26","caller":"mail-service/main.go:26","message":"Received signal, shutting down","signal":"interrupt"}
{"level":"[INFO]","time":"2024-07-01 16:34:27","caller":"mail-service/main.go:21","message":"Server started"}
{"level":"[FATAL]","time":"2024-07-01 16:34:29","caller":"mail-service/main.go:26","message":"Received signal, shutting down","signal":"interrupt"}
{"level":"[INFO]","time":"2024-07-01 16:34:30","caller":"mail-service/main.go:21","message":"Server started"}
{"level":"[INFO]","time":"2024-07-02 10:27:29","caller":"mail-service/main.go:25","message":"Server started"}
{"level":"[FATAL]","time":"2024-07-02 10:30:27","caller":"mail-service/main.go:30","message":"Received signal, shutting down","signal":"interrupt"}
{"level":"[INFO]","time":"2024-07-02 10:30:29","caller":"mail-service/main.go:25","message":"Server started"}
{"level":"[FATAL]","time":"2024-07-02 10:31:09","caller":"mail-service/main.go:30","message":"Received signal, shutting down","signal":"interrupt"}
{"level":"[INFO]","time":"2024-07-02 10:31:19","caller":"mail-service/main.go:25","message":"Server started"}
{"level":"[FATAL]","time":"2024-07-02 10:59:07","caller":"mail-service/main.go:30","message":"Received signal, shutting down","signal":"interrupt"}
{"level":"[INFO]","time":"2024-07-02 10:59:27","caller":"mail-service/main.go:24","message":"Server started"}
{"level":"[FATAL]","time":"2024-07-02 10:59:32","caller":"mail-service/main.go:29","message":"Received signal, shutting down","signal":"interrupt"}
{"level":"[INFO]","time":"2024-07-02 11:01:19","caller":"mail-service/main.go:24","message":"Server started"}
{"level":"[INFO]","time":"2024-07-02 11:01:23","caller":"service/mail_service.go:36","message":"Sending email to [tudu8603@gmail.com]"}
{"level":"[INFO]","time":"2024-07-02 11:01:23","caller":"service/mail_service.go:36","message":"Sending email to [tudu8603@gmail.com]"}
{"level":"[INFO]","time":"2024-07-02 11:01:28","caller":"mail-service/main.go:54","message":"Sent email to [tudu8603@gmail.com]"}
{"level":"[INFO]","time":"2024-07-02 11:01:28","caller":"mail-service/main.go:54","message":"Sent email to [tudu8603@gmail.com]"}
{"level":"[FATAL]","time":"2024-07-02 11:32:41","caller":"mail-service/main.go:29","message":"Received signal, shutting down","signal":"interrupt"}
{"level":"[INFO]","time":"2024-07-02 14:14:10","caller":"mail-service/main.go:24","message":"Server started"}
{"level":"[INFO]","time":"2024-07-02 14:14:53","caller":"service/mail_service.go:36","message":"Sending email to [tudu8603@gmail.com]"}
{"level":"[INFO]","time":"2024-07-02 14:14:54","caller":"service/mail_service.go:36","message":"Sending email to [tudu8603@gmail.com]"}
{"level":"[INFO]","time":"2024-07-02 14:14:57","caller":"mail-service/main.go:54","message":"Sent email to [tudu8603@gmail.com]"}
{"level":"[INFO]","time":"2024-07-02 14:14:58","caller":"mail-service/main.go:54","message":"Sent email to [tudu8603@gmail.com]"}
{"level":"[INFO]","time":"2024-07-02 14:20:42","caller":"service/mail_service.go:36","message":"Sending email to [tudu8603@gmail.com]"}
{"level":"[INFO]","time":"2024-07-02 14:20:46","caller":"mail-service/main.go:54","message":"Sent email to [tudu8603@gmail.com]"}
{"level":"[INFO]","time":"2024-07-02 14:24:23","caller":"service/mail_service.go:36","message":"Sending email to [tudu8603@gmail.com]"}
{"level":"[INFO]","time":"2024-07-02 14:24:27","caller":"mail-service/main.go:54","message":"Sent email to [tudu8603@gmail.com]"}
{"level":"[INFO]","time":"2024-07-02 14:29:00","caller":"service/mail_service.go:36","message":"Sending email to [tudu8603@gmail.com]"}
{"level":"[INFO]","time":"2024-07-02 14:29:04","caller":"mail-service/main.go:54","message":"Sent email to [tudu8603@gmail.com]"}
{"level":"[INFO]","time":"2024-07-13 22:29:48","caller":"mail-service/main.go:24","message":"Server started"}
{"level":"[INFO]","time":"2024-07-13 22:29:56","caller":"service/mail_service.go:36","message":"Sending email to [tudu8603@gmail.com]"}
{"level":"[INFO]","time":"2024-07-13 22:30:00","caller":"mail-service/main.go:54","message":"Sent email to [tudu8603@gmail.com]"}
{"level":"[INFO]","time":"2024-07-13 22:37:00","caller":"service/mail_service.go:36","message":"Sending email to [tudu8603@gmail.com]"}
{"level":"[INFO]","time":"2024-07-13 22:37:03","caller":"mail-service/main.go:54","message":"Sent email to [tudu8603@gmail.com]"}
{"level":"[INFO]","time":"2024-07-13 22:41:14","caller":"service/mail_service.go:36","message":"Sending email to [tudu8603@gmail.com]"}
{"level":"[INFO]","time":"2024-07-13 22:41:17","caller":"mail-service/main.go:54","message":"Sent email to [tudu8603@gmail.com]"}
{"level":"[INFO]","time":"2024-07-13 22:45:02","caller":"service/mail_service.go:36","message":"Sending email to [tudu8603@gmail.com]"}
{"level":"[INFO]","time":"2024-07-13 22:45:05","caller":"mail-service/main.go:54","message":"Sent email to [tudu8603@gmail.com]"}
{"level":"[INFO]","time":"2024-07-13 22:49:40","caller":"service/mail_service.go:36","message":"Sending email to [tudu8603@gmail.com]"}
{"level":"[INFO]","time":"2024-07-13 22:49:44","caller":"mail-service/main.go:54","message":"Sent email to [tudu8603@gmail.com]"}
{"level":"[INFO]","time":"2024-07-13 22:52:20","caller":"service/mail_service.go:36","message":"Sending email to [tudu8603@gmail.com]"}
{"level":"[INFO]","time":"2024-07-13 22:52:24","caller":"mail-service/main.go:54","message":"Sent email to [tudu8603@gmail.com]"}
{"level":"[INFO]","time":"2024-07-13 22:55:45","caller":"service/mail_service.go:36","message":"Sending email to [tudu8603@gmail.com]"}
{"level":"[INFO]","time":"2024-07-13 22:55:49","caller":"mail-service/main.go:54","message":"Sent email to [tudu8603@gmail.com]"}
{"level":"[INFO]","time":"2024-07-13 22:56:19","caller":"service/mail_service.go:36","message":"Sending email to [tudu8603@gmail.com]"}
{"level":"[INFO]","time":"2024-07-13 22:56:22","caller":"mail-service/main.go:54","message":"Sent email to [tudu8603@gmail.com]"}
{"level":"[INFO]","time":"2024-07-13 22:58:12","caller":"service/mail_service.go:36","message":"Sending email to [tudu8603@gmail.com]"}
{"level":"[INFO]","time":"2024-07-13 22:58:16","caller":"mail-service/main.go:54","message":"Sent email to [tudu8603@gmail.com]"}
{"level":"[INFO]","time":"2024-07-13 23:02:40","caller":"service/mail_service.go:36","message":"Sending email to [tudu8603@gmail.com]"}
{"level":"[INFO]","time":"2024-07-13 23:02:44","caller":"mail-service/main.go:54","message":"Sent email to [tudu8603@gmail.com]"}
{"level":"[INFO]","time":"2024-07-13 23:05:29","caller":"service/mail_service.go:36","message":"Sending email to [tudu8603@gmail.com]"}
{"level":"[INFO]","time":"2024-07-13 23:05:33","caller":"mail-service/main.go:54","message":"Sent email to [tudu8603@gmail.com]"}
{"level":"[INFO]","time":"2024-07-14 09:45:00","caller":"service/mail_service.go:36","message":"Sending email to []"}
{"level":"[ERROR]","time":"2024-07-14 09:45:03","caller":"mail-service/main.go:51","message":"Error sending email to []: 503 5.5.1 RCPT first. A mail transaction protocol command was issued out of\n5.5.1 sequence. For more information, go to\n5.5.1  https://support.google.com/a/answer/3221692 and review RFC 5321\n5.5.1 specifications. 98e67ed59e1d1-2cacd2d0549sm3864788a91.3 - gsmtp"}
{"level":"[INFO]","time":"2024-07-14 21:32:18","caller":"mail-service/main.go:24","message":"Server started"}
{"level":"[FATAL]","time":"2024-07-14 21:32:32","caller":"mail-service/main.go:29","message":"Received signal, shutting down","signal":"interrupt"}
{"level":"[INFO]","time":"2024-07-14 21:32:58","caller":"mail-service/main.go:24","message":"Server started"}
{"level":"[FATAL]","time":"2024-07-14 21:37:06","caller":"mail-service/main.go:29","message":"Received signal, shutting down","signal":"interrupt"}
{"level":"[INFO]","time":"2024-07-14 21:37:08","caller":"mail-service/main.go:24","message":"Server started"}
{"level":"[FATAL]","time":"2024-07-14 21:37:32","caller":"mail-service/main.go:29","message":"Received signal, shutting down","signal":"interrupt"}
{"level":"[INFO]","time":"2024-07-14 21:41:36","caller":"mail-service/main.go:26","message":"Server started"}
{"level":"[FATAL]","time":"2024-07-14 21:41:44","caller":"mail-service/main.go:31","message":"Received signal, shutting down","signal":"interrupt"}
{"level":"[INFO]","time":"2024-07-14 21:44:13","caller":"mail-service/main.go:26","message":"Server started"}
{"level":"[INFO]","time":"2024-07-14 21:48:13","caller":"service/mail_service.go:36","message":"Sending email to [tudu8603@gmail.com]"}
{"level":"[ERROR]","time":"2024-07-14 21:48:15","caller":"mail-service/main.go:53","message":"Error sending email to [tudu8603@gmail.com]: 535 5.7.8 Username and Password not accepted. For more information, go to\n5.7.8  https://support.google.com/mail/?p=BadCredentials d2e1a72fcca58-70b7eb9c7d8sm2772536b3a.11 - gsmtp"}
{"level":"[FATAL]","time":"2024-07-14 21:48:37","caller":"mail-service/main.go:31","message":"Received signal, shutting down","signal":"interrupt"}
{"level":"[INFO]","time":"2024-07-14 21:48:46","caller":"mail-service/main.go:26","message":"Server started"}
{"level":"[INFO]","time":"2024-07-14 21:49:20","caller":"service/mail_service.go:36","message":"Sending email to [tudu8603@gmail.com]"}
{"level":"[INFO]","time":"2024-07-14 21:49:20","caller":"service/mail_service.go:36","message":"Sending email to [tudu8603@gmail.com]"}
{"level":"[INFO]","time":"2024-07-14 21:49:24","caller":"mail-service/main.go:56","message":"Sent email to [tudu8603@gmail.com]"}
{"level":"[INFO]","time":"2024-07-14 21:49:24","caller":"mail-service/main.go:56","message":"Sent email to [tudu8603@gmail.com]"}
{"level":"[INFO]","time":"2024-07-14 21:51:28","caller":"service/mail_service.go:36","message":"Sending email to [tudu8603@gmail.com]"}
{"level":"[INFO]","time":"2024-07-14 21:51:32","caller":"mail-service/main.go:56","message":"Sent email to [tudu8603@gmail.com]"}
{"level":"[INFO]","time":"2024-07-14 21:55:20","caller":"service/mail_service.go:36","message":"Sending email to [tudu8603@gmail.com]"}
{"level":"[INFO]","time":"2024-07-14 21:55:24","caller":"mail-service/main.go:56","message":"Sent email to [tudu8603@gmail.com]"}
{"level":"[INFO]","time":"2024-07-14 21:56:48","caller":"service/mail_service.go:36","message":"Sending email to [tudu8603@gmail.com]"}
{"level":"[INFO]","time":"2024-07-14 21:56:53","caller":"mail-service/main.go:56","message":"Sent email to [tudu8603@gmail.com]"}
{"level":"[FATAL]","time":"2024-07-14 22:08:00","caller":"mail-service/main.go:31","message":"Received signal, shutting down","signal":"interrupt"}
{"level":"[INFO]","time":"2024-07-14 22:15:18","caller":"mail-service/main.go:26","message":"Server started"}
{"level":"[INFO]","time":"2024-07-14 22:15:22","caller":"service/mail_service.go:36","message":"Sending email to [tudu8603@gmail.com]"}
{"level":"[INFO]","time":"2024-07-14 22:15:26","caller":"mail-service/main.go:56","message":"Sent email to [tudu8603@gmail.com]"}
{"level":"[FATAL]","time":"2024-07-14 22:15:26","caller":"mail-service/main.go:31","message":"Received signal, shutting down","signal":"interrupt"}
{"level":"[INFO]","time":"2024-07-14 22:28:38","caller":"mail-service/main.go:26","message":"Server started"}
{"level":"[FATAL]","time":"2024-07-14 22:28:42","caller":"mail-service/main.go:31","message":"Received signal, shutting down","signal":"interrupt"}
{"level":"[INFO]","time":"2024-07-15 09:07:25","caller":"mail-service/main.go:26","message":"Server started"}
{"level":"[FATAL]","time":"2024-07-15 09:07:26","caller":"mail-service/main.go:31","message":"Received signal, shutting down","signal":"interrupt"}
{"level":"[INFO]","time":"2024-07-15 09:08:07","caller":"mail-service/main.go:26","message":"Server started"}
{"level":"[FATAL]","time":"2024-07-15 09:08:07","caller":"mail-service/main.go:31","message":"Received signal, shutting down","signal":"interrupt"}
{"level":"[INFO]","time":"2024-07-15 09:57:36","caller":"mail-service/main.go:26","message":"Server started"}
{"level":"[FATAL]","time":"2024-07-15 09:57:39","caller":"mail-service/main.go:31","message":"Received signal, shutting down","signal":"interrupt"}
